


ARM Macro Assembler    Page 1 


    1 00000000         ;*******************************************************
                       *******************
    2 00000000         ;* @file     startup_at32f415.s
    3 00000000         ;* @version  v2.0.7
    4 00000000         ;* @date     2022-08-16
    5 00000000         ;* @brief    at32f415 startup file for keil
    6 00000000         ;* <<< Use Configuration Wizard in Context Menu >>>  
    7 00000000         ;*******************************************************
                       *******************
    8 00000000         ;
    9 00000000         
   10 00000000         ; Amount of memory (in bytes) allocated for Stack
   11 00000000         ; Tailor this value to your application needs
   12 00000000         ; <h> Stack Configuration
   13 00000000         ;   <o> Stack Size (in Bytes) <0x0-0xFFFFFFFF:8>
   14 00000000         ; </h>
   15 00000000         
   16 00000000 00000400 
                       Stack_Size
                               EQU              0x00000400
   17 00000000         
   18 00000000                 AREA             STACK, NOINIT, READWRITE, ALIGN
=3
   19 00000000         Stack_Mem
                               SPACE            Stack_Size
   20 00000400         __initial_sp
   21 00000400         
   22 00000400         ; <h> Heap Configuration
   23 00000400         ;   <o>  Heap Size (in Bytes) <0x0-0xFFFFFFFF:8>
   24 00000400         ; </h>
   25 00000400         
   26 00000400 00000200 
                       Heap_Size
                               EQU              0x00000200
   27 00000400         
   28 00000400                 AREA             HEAP, NOINIT, READWRITE, ALIGN=
3
   29 00000000         __heap_base
   30 00000000         Heap_Mem
                               SPACE            Heap_Size
   31 00000200         __heap_limit
   32 00000200         
   33 00000200                 PRESERVE8
   34 00000200                 THUMB
   35 00000200         
   36 00000200         
   37 00000200         ; Vector Table Mapped to Address 0 at Reset
   38 00000200                 AREA             RESET, DATA, READONLY
   39 00000000                 EXPORT           __Vectors
   40 00000000                 EXPORT           __Vectors_End
   41 00000000                 EXPORT           __Vectors_Size
   42 00000000         
   43 00000000 00000000 
                       __Vectors
                               DCD              __initial_sp ; Top of Stack
   44 00000004 00000000        DCD              Reset_Handler ; Reset Handler
   45 00000008 00000000        DCD              NMI_Handler ; NMI Handler
   46 0000000C 00000000        DCD              HardFault_Handler ; Hard Fault 
                                                            Handler



ARM Macro Assembler    Page 2 


   47 00000010 00000000        DCD              MemManage_Handler 
                                                            ; MPU Fault Handler
                                                            
   48 00000014 00000000        DCD              BusFault_Handler 
                                                            ; Bus Fault Handler
                                                            
   49 00000018 00000000        DCD              UsageFault_Handler ; Usage Faul
                                                            t Handler
   50 0000001C 00000000        DCD              0           ; Reserved
   51 00000020 00000000        DCD              0           ; Reserved
   52 00000024 00000000        DCD              0           ; Reserved
   53 00000028 00000000        DCD              0           ; Reserved
   54 0000002C 00000000        DCD              SVC_Handler ; SVCall Handler
   55 00000030 00000000        DCD              DebugMon_Handler ; Debug Monito
                                                            r Handler
   56 00000034 00000000        DCD              0           ; Reserved
   57 00000038 00000000        DCD              PendSV_Handler ; PendSV Handler
                                                            
   58 0000003C 00000000        DCD              SysTick_Handler 
                                                            ; SysTick Handler
   59 00000040         
   60 00000040         ; External Interrupts
   61 00000040 00000000        DCD              WWDT_IRQHandler ; Window Watchd
                                                            og Timer
   62 00000044 00000000        DCD              PVM_IRQHandler ; PVM through EX
                                                            INT Line detect
   63 00000048 00000000        DCD              TAMP_STAMP_IRQHandler ; Tamper 
                                                            and TimeStamps thro
                                                            ugh the EXINT line
   64 0000004C 00000000        DCD              ERTC_WKUP_IRQHandler ; ERTC Wak
                                                            eup through the EXI
                                                            NT line
   65 00000050 00000000        DCD              FLASH_IRQHandler ; Flash
   66 00000054 00000000        DCD              CRM_IRQHandler ; CRM
   67 00000058 00000000        DCD              EXINT0_IRQHandler 
                                                            ; EXINT Line 0
   68 0000005C 00000000        DCD              EXINT1_IRQHandler 
                                                            ; EXINT Line 1
   69 00000060 00000000        DCD              EXINT2_IRQHandler 
                                                            ; EXINT Line 2
   70 00000064 00000000        DCD              EXINT3_IRQHandler 
                                                            ; EXINT Line 3
   71 00000068 00000000        DCD              EXINT4_IRQHandler 
                                                            ; EXINT Line 4
   72 0000006C 00000000        DCD              DMA1_Channel1_IRQHandler 
                                                            ; DMA1 Channel 1
   73 00000070 00000000        DCD              DMA1_Channel2_IRQHandler 
                                                            ; DMA1 Channel 2
   74 00000074 00000000        DCD              DMA1_Channel3_IRQHandler 
                                                            ; DMA1 Channel 3
   75 00000078 00000000        DCD              DMA1_Channel4_IRQHandler 
                                                            ; DMA1 Channel 4
   76 0000007C 00000000        DCD              DMA1_Channel5_IRQHandler 
                                                            ; DMA1 Channel 5
   77 00000080 00000000        DCD              DMA1_Channel6_IRQHandler 
                                                            ; DMA1 Channel 6
   78 00000084 00000000        DCD              DMA1_Channel7_IRQHandler 
                                                            ; DMA1 Channel 7
   79 00000088 00000000        DCD              ADC1_IRQHandler ; ADC1



ARM Macro Assembler    Page 3 


   80 0000008C 00000000        DCD              CAN1_TX_IRQHandler ; CAN1 TX
   81 00000090 00000000        DCD              CAN1_RX0_IRQHandler ; CAN1 RX0
   82 00000094 00000000        DCD              CAN1_RX1_IRQHandler ; CAN1 RX1
   83 00000098 00000000        DCD              CAN1_SE_IRQHandler ; CAN1 SE
   84 0000009C 00000000        DCD              EXINT9_5_IRQHandler 
                                                            ; EXINT Line [9:5]
   85 000000A0 00000000        DCD              TMR1_BRK_TMR9_IRQHandler ; TMR1
                                                             Brake and TMR9
   86 000000A4 00000000        DCD              TMR1_OVF_TMR10_IRQHandler ; TMR
                                                            1 overflow and TMR1
                                                            0
   87 000000A8 00000000        DCD              TMR1_TRG_HALL_TMR11_IRQHandler 
                                                            ; TMR1 Trigger and 
                                                            hall and TMR11
   88 000000AC 00000000        DCD              TMR1_CH_IRQHandler 
                                                            ; TMR1 channel
   89 000000B0 00000000        DCD              TMR2_GLOBAL_IRQHandler ; TMR2
   90 000000B4 00000000        DCD              TMR3_GLOBAL_IRQHandler ; TMR3
   91 000000B8 00000000        DCD              TMR4_GLOBAL_IRQHandler ; TMR4
   92 000000BC 00000000        DCD              I2C1_EVT_IRQHandler 
                                                            ; I2C1 Event
   93 000000C0 00000000        DCD              I2C1_ERR_IRQHandler 
                                                            ; I2C1 Error
   94 000000C4 00000000        DCD              I2C2_EVT_IRQHandler 
                                                            ; I2C2 Event
   95 000000C8 00000000        DCD              I2C2_ERR_IRQHandler 
                                                            ; I2C2 Error
   96 000000CC 00000000        DCD              SPI1_IRQHandler ; SPI1
   97 000000D0 00000000        DCD              SPI2_IRQHandler ; SPI2
   98 000000D4 00000000        DCD              USART1_IRQHandler ; USART1
   99 000000D8 00000000        DCD              USART2_IRQHandler ; USART2
  100 000000DC 00000000        DCD              USART3_IRQHandler ; USART3
  101 000000E0 00000000        DCD              EXINT15_10_IRQHandler ; EXINT L
                                                            ine [15:10]
  102 000000E4 00000000        DCD              ERTCAlarm_IRQHandler ; ERTC Ala
                                                            rm through EXINT Li
                                                            ne
  103 000000E8 00000000        DCD              OTGFS1_WKUP_IRQHandler ; OTGFS1
                                                             Wakeup from suspen
                                                            d
  104 000000EC 00000000        DCD              0           ; Reserved
  105 000000F0 00000000        DCD              0           ; Reserved
  106 000000F4 00000000        DCD              0           ; Reserved
  107 000000F8 00000000        DCD              0           ; Reserved
  108 000000FC 00000000        DCD              0           ; Reserved
  109 00000100 00000000        DCD              0           ; Reserved
  110 00000104 00000000        DCD              SDIO1_IRQHandler ; SDIO1
  111 00000108 00000000        DCD              TMR5_GLOBAL_IRQHandler ; TMR5
  112 0000010C 00000000        DCD              0           ; Reserved
  113 00000110 00000000        DCD              UART4_IRQHandler ; UART4
  114 00000114 00000000        DCD              UART5_IRQHandler ; UART5
  115 00000118 00000000        DCD              0           ; Reserved
  116 0000011C 00000000        DCD              0           ; Reserved
  117 00000120 00000000        DCD              DMA2_Channel1_IRQHandler 
                                                            ; DMA2 Channel1
  118 00000124 00000000        DCD              DMA2_Channel2_IRQHandler 
                                                            ; DMA2 Channel2
  119 00000128 00000000        DCD              DMA2_Channel3_IRQHandler 
                                                            ; DMA2 Channel3



ARM Macro Assembler    Page 4 


  120 0000012C 00000000        DCD              DMA2_Channel4_5_IRQHandler ; DM
                                                            A2 Channel4 & Chann
                                                            el5
  121 00000130 00000000        DCD              0           ; Reserved
  122 00000134 00000000        DCD              0           ; Reserved
  123 00000138 00000000        DCD              0           ; Reserved
  124 0000013C 00000000        DCD              0           ; Reserved
  125 00000140 00000000        DCD              0           ; Reserved
  126 00000144 00000000        DCD              0           ; Reserved
  127 00000148 00000000        DCD              0           ; Reserved
  128 0000014C 00000000        DCD              OTGFS1_IRQHandler ; OTGFS1
  129 00000150 00000000        DCD              0           ; Reserved
  130 00000154 00000000        DCD              0           ; Reserved
  131 00000158 00000000        DCD              CMP1_IRQHandler ; CMP1
  132 0000015C 00000000        DCD              CMP2_IRQHandler ; CMP2
  133 00000160 00000000        DCD              0           ; Reserved
  134 00000164 00000000        DCD              0           ; Reserved
  135 00000168 00000000        DCD              0           ; Reserved
  136 0000016C 00000000        DCD              DMA2_Channel6_7_IRQHandler ; DM
                                                            A2 Channel6 & Chann
                                                            el7
  137 00000170         __Vectors_End
  138 00000170         
  139 00000170 00000170 
                       __Vectors_Size
                               EQU              __Vectors_End - __Vectors
  140 00000170         
  141 00000170                 AREA             |.text|, CODE, READONLY
  142 00000000         
  143 00000000         ; Reset handler
  144 00000000         Reset_Handler
                               PROC
  145 00000000                 EXPORT           Reset_Handler                  
     [WEAK]
  146 00000000                 IMPORT           __main
  147 00000000                 IMPORT           SystemInit
  148 00000000 4806            LDR              R0, =SystemInit
  149 00000002 4780            BLX              R0
  150 00000004 4806            LDR              R0, =__main
  151 00000006 4700            BX               R0
  152 00000008                 ENDP
  153 00000008         
  154 00000008         ; Dummy Exception Handlers (infinite loops which can be 
                       modified)
  155 00000008         
  156 00000008         NMI_Handler
                               PROC
  157 00000008                 EXPORT           NMI_Handler                    
     [WEAK]
  158 00000008 E7FE            B                .
  159 0000000A                 ENDP
  161 0000000A         HardFault_Handler
                               PROC
  162 0000000A                 EXPORT           HardFault_Handler              
     [WEAK]
  163 0000000A E7FE            B                .
  164 0000000C                 ENDP
  166 0000000C         MemManage_Handler
                               PROC



ARM Macro Assembler    Page 5 


  167 0000000C                 EXPORT           MemManage_Handler              
     [WEAK]
  168 0000000C E7FE            B                .
  169 0000000E                 ENDP
  171 0000000E         BusFault_Handler
                               PROC
  172 0000000E                 EXPORT           BusFault_Handler               
     [WEAK]
  173 0000000E E7FE            B                .
  174 00000010                 ENDP
  176 00000010         UsageFault_Handler
                               PROC
  177 00000010                 EXPORT           UsageFault_Handler             
     [WEAK]
  178 00000010 E7FE            B                .
  179 00000012                 ENDP
  180 00000012         SVC_Handler
                               PROC
  181 00000012                 EXPORT           SVC_Handler                    
     [WEAK]
  182 00000012 E7FE            B                .
  183 00000014                 ENDP
  185 00000014         DebugMon_Handler
                               PROC
  186 00000014                 EXPORT           DebugMon_Handler               
     [WEAK]
  187 00000014 E7FE            B                .
  188 00000016                 ENDP
  189 00000016         PendSV_Handler
                               PROC
  190 00000016                 EXPORT           PendSV_Handler                 
     [WEAK]
  191 00000016 E7FE            B                .
  192 00000018                 ENDP
  193 00000018         SysTick_Handler
                               PROC
  194 00000018                 EXPORT           SysTick_Handler                
     [WEAK]
  195 00000018 E7FE            B                .
  196 0000001A                 ENDP
  197 0000001A         
  198 0000001A         Default_Handler
                               PROC
  199 0000001A         
  200 0000001A                 EXPORT           WWDT_IRQHandler                
     [WEAK]
  201 0000001A                 EXPORT           PVM_IRQHandler                 
     [WEAK]
  202 0000001A                 EXPORT           TAMP_STAMP_IRQHandler          
     [WEAK]
  203 0000001A                 EXPORT           ERTC_WKUP_IRQHandler           
     [WEAK]
  204 0000001A                 EXPORT           FLASH_IRQHandler               
     [WEAK]
  205 0000001A                 EXPORT           CRM_IRQHandler                 
     [WEAK]
  206 0000001A                 EXPORT           EXINT0_IRQHandler              
     [WEAK]
  207 0000001A                 EXPORT           EXINT1_IRQHandler              



ARM Macro Assembler    Page 6 


     [WEAK]
  208 0000001A                 EXPORT           EXINT2_IRQHandler              
     [WEAK]
  209 0000001A                 EXPORT           EXINT3_IRQHandler              
     [WEAK]
  210 0000001A                 EXPORT           EXINT4_IRQHandler              
     [WEAK]
  211 0000001A                 EXPORT           DMA1_Channel1_IRQHandler       
     [WEAK]
  212 0000001A                 EXPORT           DMA1_Channel2_IRQHandler       
     [WEAK]
  213 0000001A                 EXPORT           DMA1_Channel3_IRQHandler       
     [WEAK]
  214 0000001A                 EXPORT           DMA1_Channel4_IRQHandler       
     [WEAK]
  215 0000001A                 EXPORT           DMA1_Channel5_IRQHandler       
     [WEAK]
  216 0000001A                 EXPORT           DMA1_Channel6_IRQHandler       
     [WEAK]
  217 0000001A                 EXPORT           DMA1_Channel7_IRQHandler       
     [WEAK]
  218 0000001A                 EXPORT           ADC1_IRQHandler                
     [WEAK]
  219 0000001A                 EXPORT           CAN1_TX_IRQHandler             
     [WEAK]
  220 0000001A                 EXPORT           CAN1_RX0_IRQHandler            
     [WEAK]
  221 0000001A                 EXPORT           CAN1_RX1_IRQHandler            
     [WEAK]
  222 0000001A                 EXPORT           CAN1_SE_IRQHandler             
     [WEAK]
  223 0000001A                 EXPORT           EXINT9_5_IRQHandler            
     [WEAK]
  224 0000001A                 EXPORT           TMR1_BRK_TMR9_IRQHandler       
     [WEAK]
  225 0000001A                 EXPORT           TMR1_OVF_TMR10_IRQHandler      
     [WEAK]
  226 0000001A                 EXPORT           TMR1_TRG_HALL_TMR11_IRQHandler 
     [WEAK]
  227 0000001A                 EXPORT           TMR1_CH_IRQHandler             
     [WEAK]
  228 0000001A                 EXPORT           TMR2_GLOBAL_IRQHandler         
     [WEAK]
  229 0000001A                 EXPORT           TMR3_GLOBAL_IRQHandler         
     [WEAK]
  230 0000001A                 EXPORT           TMR4_GLOBAL_IRQHandler         
     [WEAK]
  231 0000001A                 EXPORT           I2C1_EVT_IRQHandler            
     [WEAK]
  232 0000001A                 EXPORT           I2C1_ERR_IRQHandler            
     [WEAK]
  233 0000001A                 EXPORT           I2C2_EVT_IRQHandler            
     [WEAK]
  234 0000001A                 EXPORT           I2C2_ERR_IRQHandler            
     [WEAK]
  235 0000001A                 EXPORT           SPI1_IRQHandler                
     [WEAK]
  236 0000001A                 EXPORT           SPI2_IRQHandler                
     [WEAK]



ARM Macro Assembler    Page 7 


  237 0000001A                 EXPORT           USART1_IRQHandler              
     [WEAK]
  238 0000001A                 EXPORT           USART2_IRQHandler              
     [WEAK]
  239 0000001A                 EXPORT           USART3_IRQHandler              
     [WEAK]
  240 0000001A                 EXPORT           EXINT15_10_IRQHandler          
     [WEAK]
  241 0000001A                 EXPORT           ERTCAlarm_IRQHandler           
     [WEAK]
  242 0000001A                 EXPORT           OTGFS1_WKUP_IRQHandler         
     [WEAK]
  243 0000001A                 EXPORT           SDIO1_IRQHandler               
     [WEAK]
  244 0000001A                 EXPORT           TMR5_GLOBAL_IRQHandler         
     [WEAK]
  245 0000001A                 EXPORT           UART4_IRQHandler               
     [WEAK]
  246 0000001A                 EXPORT           UART5_IRQHandler               
     [WEAK]
  247 0000001A                 EXPORT           DMA2_Channel1_IRQHandler       
     [WEAK]
  248 0000001A                 EXPORT           DMA2_Channel2_IRQHandler       
     [WEAK]
  249 0000001A                 EXPORT           DMA2_Channel3_IRQHandler       
     [WEAK]
  250 0000001A                 EXPORT           DMA2_Channel4_5_IRQHandler     
     [WEAK]
  251 0000001A                 EXPORT           OTGFS1_IRQHandler              
     [WEAK]
  252 0000001A                 EXPORT           CMP1_IRQHandler                
     [WEAK]
  253 0000001A                 EXPORT           CMP2_IRQHandler                
     [WEAK]
  254 0000001A                 EXPORT           DMA2_Channel6_7_IRQHandler     
     [WEAK]
  255 0000001A         WWDT_IRQHandler
  256 0000001A         PVM_IRQHandler
  257 0000001A         TAMP_STAMP_IRQHandler
  258 0000001A         ERTC_WKUP_IRQHandler
  259 0000001A         FLASH_IRQHandler
  260 0000001A         CRM_IRQHandler
  261 0000001A         EXINT0_IRQHandler
  262 0000001A         EXINT1_IRQHandler
  263 0000001A         EXINT2_IRQHandler
  264 0000001A         EXINT3_IRQHandler
  265 0000001A         EXINT4_IRQHandler
  266 0000001A         DMA1_Channel1_IRQHandler
  267 0000001A         DMA1_Channel2_IRQHandler
  268 0000001A         DMA1_Channel3_IRQHandler
  269 0000001A         DMA1_Channel4_IRQHandler
  270 0000001A         DMA1_Channel5_IRQHandler
  271 0000001A         DMA1_Channel6_IRQHandler
  272 0000001A         DMA1_Channel7_IRQHandler
  273 0000001A         ADC1_IRQHandler
  274 0000001A         CAN1_TX_IRQHandler
  275 0000001A         CAN1_RX0_IRQHandler
  276 0000001A         CAN1_RX1_IRQHandler
  277 0000001A         CAN1_SE_IRQHandler



ARM Macro Assembler    Page 8 


  278 0000001A         EXINT9_5_IRQHandler
  279 0000001A         TMR1_BRK_TMR9_IRQHandler
  280 0000001A         TMR1_OVF_TMR10_IRQHandler
  281 0000001A         TMR1_TRG_HALL_TMR11_IRQHandler
  282 0000001A         TMR1_CH_IRQHandler
  283 0000001A         TMR2_GLOBAL_IRQHandler
  284 0000001A         TMR3_GLOBAL_IRQHandler
  285 0000001A         TMR4_GLOBAL_IRQHandler
  286 0000001A         I2C1_EVT_IRQHandler
  287 0000001A         I2C1_ERR_IRQHandler
  288 0000001A         I2C2_EVT_IRQHandler
  289 0000001A         I2C2_ERR_IRQHandler
  290 0000001A         SPI1_IRQHandler
  291 0000001A         SPI2_IRQHandler
  292 0000001A         USART1_IRQHandler
  293 0000001A         USART2_IRQHandler
  294 0000001A         USART3_IRQHandler
  295 0000001A         EXINT15_10_IRQHandler
  296 0000001A         ERTCAlarm_IRQHandler
  297 0000001A         OTGFS1_WKUP_IRQHandler
  298 0000001A         SDIO1_IRQHandler
  299 0000001A         TMR5_GLOBAL_IRQHandler
  300 0000001A         UART4_IRQHandler
  301 0000001A         UART5_IRQHandler
  302 0000001A         DMA2_Channel1_IRQHandler
  303 0000001A         DMA2_Channel2_IRQHandler
  304 0000001A         DMA2_Channel3_IRQHandler
  305 0000001A         DMA2_Channel4_5_IRQHandler
  306 0000001A         OTGFS1_IRQHandler
  307 0000001A         CMP1_IRQHandler
  308 0000001A         CMP2_IRQHandler
  309 0000001A         DMA2_Channel6_7_IRQHandler
  310 0000001A E7FE            B                .
  311 0000001C         
  312 0000001C                 ENDP
  313 0000001C         
  314 0000001C                 ALIGN
  315 0000001C         
  316 0000001C         ;*******************************************************
                       ************************
  317 0000001C         ; User Stack and Heap initialization
  318 0000001C         ;*******************************************************
                       ************************
  319 0000001C                 IF               :DEF:__MICROLIB
  320 0000001C         
  321 0000001C                 EXPORT           __initial_sp
  322 0000001C                 EXPORT           __heap_base
  323 0000001C                 EXPORT           __heap_limit
  324 0000001C         
  325 0000001C                 ELSE
  340                          ENDIF
  341 0000001C         
  342 0000001C                 END
              00000000 
              00000000 
Command Line: --debug --xref --diag_suppress=9931 --cpu=Cortex-M4 --apcs=interw
ork --depend=..\obj\startup_at32f415.d -o..\obj\startup_at32f415.o -ID:\MDK\Art
eryTek\AT32F415_DFP\2.0.7\Device\Include -ID:\MDK\ARM\CMSIS\Include --predefine
="__MICROLIB SETA 1" --predefine="__UVISION_VERSION SETA 532" --predefine="AT32



ARM Macro Assembler    Page 9 


F415RCT7 SETA 1" --list=.\listings\startup_at32f415.lst ..\Startup\mdk\startup_
at32f415.s



ARM Macro Assembler    Page 1 Alphabetic symbol ordering
Relocatable symbols

STACK 00000000

Symbol: STACK
   Definitions
      At line 18 in file ..\Startup\mdk\startup_at32f415.s
   Uses
      None
Comment: STACK unused
Stack_Mem 00000000

Symbol: Stack_Mem
   Definitions
      At line 19 in file ..\Startup\mdk\startup_at32f415.s
   Uses
      None
Comment: Stack_Mem unused
__initial_sp 00000400

Symbol: __initial_sp
   Definitions
      At line 20 in file ..\Startup\mdk\startup_at32f415.s
   Uses
      At line 43 in file ..\Startup\mdk\startup_at32f415.s
      At line 321 in file ..\Startup\mdk\startup_at32f415.s

3 symbols



ARM Macro Assembler    Page 1 Alphabetic symbol ordering
Relocatable symbols

HEAP 00000000

Symbol: HEAP
   Definitions
      At line 28 in file ..\Startup\mdk\startup_at32f415.s
   Uses
      None
Comment: HEAP unused
Heap_Mem 00000000

Symbol: Heap_Mem
   Definitions
      At line 30 in file ..\Startup\mdk\startup_at32f415.s
   Uses
      None
Comment: Heap_Mem unused
__heap_base 00000000

Symbol: __heap_base
   Definitions
      At line 29 in file ..\Startup\mdk\startup_at32f415.s
   Uses
      At line 322 in file ..\Startup\mdk\startup_at32f415.s
Comment: __heap_base used once
__heap_limit 00000200

Symbol: __heap_limit
   Definitions
      At line 31 in file ..\Startup\mdk\startup_at32f415.s
   Uses
      At line 323 in file ..\Startup\mdk\startup_at32f415.s
Comment: __heap_limit used once
4 symbols



ARM Macro Assembler    Page 1 Alphabetic symbol ordering
Relocatable symbols

RESET 00000000

Symbol: RESET
   Definitions
      At line 38 in file ..\Startup\mdk\startup_at32f415.s
   Uses
      None
Comment: RESET unused
__Vectors 00000000

Symbol: __Vectors
   Definitions
      At line 43 in file ..\Startup\mdk\startup_at32f415.s
   Uses
      At line 39 in file ..\Startup\mdk\startup_at32f415.s
      At line 139 in file ..\Startup\mdk\startup_at32f415.s

__Vectors_End 00000170

Symbol: __Vectors_End
   Definitions
      At line 137 in file ..\Startup\mdk\startup_at32f415.s
   Uses
      At line 40 in file ..\Startup\mdk\startup_at32f415.s
      At line 139 in file ..\Startup\mdk\startup_at32f415.s

3 symbols



ARM Macro Assembler    Page 1 Alphabetic symbol ordering
Relocatable symbols

.text 00000000

Symbol: .text
   Definitions
      At line 141 in file ..\Startup\mdk\startup_at32f415.s
   Uses
      None
Comment: .text unused
ADC1_IRQHandler 0000001A

Symbol: ADC1_IRQHandler
   Definitions
      At line 273 in file ..\Startup\mdk\startup_at32f415.s
   Uses
      At line 79 in file ..\Startup\mdk\startup_at32f415.s
      At line 218 in file ..\Startup\mdk\startup_at32f415.s

BusFault_Handler 0000000E

Symbol: BusFault_Handler
   Definitions
      At line 171 in file ..\Startup\mdk\startup_at32f415.s
   Uses
      At line 48 in file ..\Startup\mdk\startup_at32f415.s
      At line 172 in file ..\Startup\mdk\startup_at32f415.s

CAN1_RX0_IRQHandler 0000001A

Symbol: CAN1_RX0_IRQHandler
   Definitions
      At line 275 in file ..\Startup\mdk\startup_at32f415.s
   Uses
      At line 81 in file ..\Startup\mdk\startup_at32f415.s
      At line 220 in file ..\Startup\mdk\startup_at32f415.s

CAN1_RX1_IRQHandler 0000001A

Symbol: CAN1_RX1_IRQHandler
   Definitions
      At line 276 in file ..\Startup\mdk\startup_at32f415.s
   Uses
      At line 82 in file ..\Startup\mdk\startup_at32f415.s
      At line 221 in file ..\Startup\mdk\startup_at32f415.s

CAN1_SE_IRQHandler 0000001A

Symbol: CAN1_SE_IRQHandler
   Definitions
      At line 277 in file ..\Startup\mdk\startup_at32f415.s
   Uses
      At line 83 in file ..\Startup\mdk\startup_at32f415.s
      At line 222 in file ..\Startup\mdk\startup_at32f415.s

CAN1_TX_IRQHandler 0000001A

Symbol: CAN1_TX_IRQHandler
   Definitions
      At line 274 in file ..\Startup\mdk\startup_at32f415.s
   Uses



ARM Macro Assembler    Page 2 Alphabetic symbol ordering
Relocatable symbols

      At line 80 in file ..\Startup\mdk\startup_at32f415.s
      At line 219 in file ..\Startup\mdk\startup_at32f415.s

CMP1_IRQHandler 0000001A

Symbol: CMP1_IRQHandler
   Definitions
      At line 307 in file ..\Startup\mdk\startup_at32f415.s
   Uses
      At line 131 in file ..\Startup\mdk\startup_at32f415.s
      At line 252 in file ..\Startup\mdk\startup_at32f415.s

CMP2_IRQHandler 0000001A

Symbol: CMP2_IRQHandler
   Definitions
      At line 308 in file ..\Startup\mdk\startup_at32f415.s
   Uses
      At line 132 in file ..\Startup\mdk\startup_at32f415.s
      At line 253 in file ..\Startup\mdk\startup_at32f415.s

CRM_IRQHandler 0000001A

Symbol: CRM_IRQHandler
   Definitions
      At line 260 in file ..\Startup\mdk\startup_at32f415.s
   Uses
      At line 66 in file ..\Startup\mdk\startup_at32f415.s
      At line 205 in file ..\Startup\mdk\startup_at32f415.s

DMA1_Channel1_IRQHandler 0000001A

Symbol: DMA1_Channel1_IRQHandler
   Definitions
      At line 266 in file ..\Startup\mdk\startup_at32f415.s
   Uses
      At line 72 in file ..\Startup\mdk\startup_at32f415.s
      At line 211 in file ..\Startup\mdk\startup_at32f415.s

DMA1_Channel2_IRQHandler 0000001A

Symbol: DMA1_Channel2_IRQHandler
   Definitions
      At line 267 in file ..\Startup\mdk\startup_at32f415.s
   Uses
      At line 73 in file ..\Startup\mdk\startup_at32f415.s
      At line 212 in file ..\Startup\mdk\startup_at32f415.s

DMA1_Channel3_IRQHandler 0000001A

Symbol: DMA1_Channel3_IRQHandler
   Definitions
      At line 268 in file ..\Startup\mdk\startup_at32f415.s
   Uses
      At line 74 in file ..\Startup\mdk\startup_at32f415.s
      At line 213 in file ..\Startup\mdk\startup_at32f415.s

DMA1_Channel4_IRQHandler 0000001A




ARM Macro Assembler    Page 3 Alphabetic symbol ordering
Relocatable symbols

Symbol: DMA1_Channel4_IRQHandler
   Definitions
      At line 269 in file ..\Startup\mdk\startup_at32f415.s
   Uses
      At line 75 in file ..\Startup\mdk\startup_at32f415.s
      At line 214 in file ..\Startup\mdk\startup_at32f415.s

DMA1_Channel5_IRQHandler 0000001A

Symbol: DMA1_Channel5_IRQHandler
   Definitions
      At line 270 in file ..\Startup\mdk\startup_at32f415.s
   Uses
      At line 76 in file ..\Startup\mdk\startup_at32f415.s
      At line 215 in file ..\Startup\mdk\startup_at32f415.s

DMA1_Channel6_IRQHandler 0000001A

Symbol: DMA1_Channel6_IRQHandler
   Definitions
      At line 271 in file ..\Startup\mdk\startup_at32f415.s
   Uses
      At line 77 in file ..\Startup\mdk\startup_at32f415.s
      At line 216 in file ..\Startup\mdk\startup_at32f415.s

DMA1_Channel7_IRQHandler 0000001A

Symbol: DMA1_Channel7_IRQHandler
   Definitions
      At line 272 in file ..\Startup\mdk\startup_at32f415.s
   Uses
      At line 78 in file ..\Startup\mdk\startup_at32f415.s
      At line 217 in file ..\Startup\mdk\startup_at32f415.s

DMA2_Channel1_IRQHandler 0000001A

Symbol: DMA2_Channel1_IRQHandler
   Definitions
      At line 302 in file ..\Startup\mdk\startup_at32f415.s
   Uses
      At line 117 in file ..\Startup\mdk\startup_at32f415.s
      At line 247 in file ..\Startup\mdk\startup_at32f415.s

DMA2_Channel2_IRQHandler 0000001A

Symbol: DMA2_Channel2_IRQHandler
   Definitions
      At line 303 in file ..\Startup\mdk\startup_at32f415.s
   Uses
      At line 118 in file ..\Startup\mdk\startup_at32f415.s
      At line 248 in file ..\Startup\mdk\startup_at32f415.s

DMA2_Channel3_IRQHandler 0000001A

Symbol: DMA2_Channel3_IRQHandler
   Definitions
      At line 304 in file ..\Startup\mdk\startup_at32f415.s
   Uses
      At line 119 in file ..\Startup\mdk\startup_at32f415.s



ARM Macro Assembler    Page 4 Alphabetic symbol ordering
Relocatable symbols

      At line 249 in file ..\Startup\mdk\startup_at32f415.s

DMA2_Channel4_5_IRQHandler 0000001A

Symbol: DMA2_Channel4_5_IRQHandler
   Definitions
      At line 305 in file ..\Startup\mdk\startup_at32f415.s
   Uses
      At line 120 in file ..\Startup\mdk\startup_at32f415.s
      At line 250 in file ..\Startup\mdk\startup_at32f415.s

DMA2_Channel6_7_IRQHandler 0000001A

Symbol: DMA2_Channel6_7_IRQHandler
   Definitions
      At line 309 in file ..\Startup\mdk\startup_at32f415.s
   Uses
      At line 136 in file ..\Startup\mdk\startup_at32f415.s
      At line 254 in file ..\Startup\mdk\startup_at32f415.s

DebugMon_Handler 00000014

Symbol: DebugMon_Handler
   Definitions
      At line 185 in file ..\Startup\mdk\startup_at32f415.s
   Uses
      At line 55 in file ..\Startup\mdk\startup_at32f415.s
      At line 186 in file ..\Startup\mdk\startup_at32f415.s

Default_Handler 0000001A

Symbol: Default_Handler
   Definitions
      At line 198 in file ..\Startup\mdk\startup_at32f415.s
   Uses
      None
Comment: Default_Handler unused
ERTCAlarm_IRQHandler 0000001A

Symbol: ERTCAlarm_IRQHandler
   Definitions
      At line 296 in file ..\Startup\mdk\startup_at32f415.s
   Uses
      At line 102 in file ..\Startup\mdk\startup_at32f415.s
      At line 241 in file ..\Startup\mdk\startup_at32f415.s

ERTC_WKUP_IRQHandler 0000001A

Symbol: ERTC_WKUP_IRQHandler
   Definitions
      At line 258 in file ..\Startup\mdk\startup_at32f415.s
   Uses
      At line 64 in file ..\Startup\mdk\startup_at32f415.s
      At line 203 in file ..\Startup\mdk\startup_at32f415.s

EXINT0_IRQHandler 0000001A

Symbol: EXINT0_IRQHandler
   Definitions



ARM Macro Assembler    Page 5 Alphabetic symbol ordering
Relocatable symbols

      At line 261 in file ..\Startup\mdk\startup_at32f415.s
   Uses
      At line 67 in file ..\Startup\mdk\startup_at32f415.s
      At line 206 in file ..\Startup\mdk\startup_at32f415.s

EXINT15_10_IRQHandler 0000001A

Symbol: EXINT15_10_IRQHandler
   Definitions
      At line 295 in file ..\Startup\mdk\startup_at32f415.s
   Uses
      At line 101 in file ..\Startup\mdk\startup_at32f415.s
      At line 240 in file ..\Startup\mdk\startup_at32f415.s

EXINT1_IRQHandler 0000001A

Symbol: EXINT1_IRQHandler
   Definitions
      At line 262 in file ..\Startup\mdk\startup_at32f415.s
   Uses
      At line 68 in file ..\Startup\mdk\startup_at32f415.s
      At line 207 in file ..\Startup\mdk\startup_at32f415.s

EXINT2_IRQHandler 0000001A

Symbol: EXINT2_IRQHandler
   Definitions
      At line 263 in file ..\Startup\mdk\startup_at32f415.s
   Uses
      At line 69 in file ..\Startup\mdk\startup_at32f415.s
      At line 208 in file ..\Startup\mdk\startup_at32f415.s

EXINT3_IRQHandler 0000001A

Symbol: EXINT3_IRQHandler
   Definitions
      At line 264 in file ..\Startup\mdk\startup_at32f415.s
   Uses
      At line 70 in file ..\Startup\mdk\startup_at32f415.s
      At line 209 in file ..\Startup\mdk\startup_at32f415.s

EXINT4_IRQHandler 0000001A

Symbol: EXINT4_IRQHandler
   Definitions
      At line 265 in file ..\Startup\mdk\startup_at32f415.s
   Uses
      At line 71 in file ..\Startup\mdk\startup_at32f415.s
      At line 210 in file ..\Startup\mdk\startup_at32f415.s

EXINT9_5_IRQHandler 0000001A

Symbol: EXINT9_5_IRQHandler
   Definitions
      At line 278 in file ..\Startup\mdk\startup_at32f415.s
   Uses
      At line 84 in file ..\Startup\mdk\startup_at32f415.s
      At line 223 in file ..\Startup\mdk\startup_at32f415.s




ARM Macro Assembler    Page 6 Alphabetic symbol ordering
Relocatable symbols

FLASH_IRQHandler 0000001A

Symbol: FLASH_IRQHandler
   Definitions
      At line 259 in file ..\Startup\mdk\startup_at32f415.s
   Uses
      At line 65 in file ..\Startup\mdk\startup_at32f415.s
      At line 204 in file ..\Startup\mdk\startup_at32f415.s

HardFault_Handler 0000000A

Symbol: HardFault_Handler
   Definitions
      At line 161 in file ..\Startup\mdk\startup_at32f415.s
   Uses
      At line 46 in file ..\Startup\mdk\startup_at32f415.s
      At line 162 in file ..\Startup\mdk\startup_at32f415.s

I2C1_ERR_IRQHandler 0000001A

Symbol: I2C1_ERR_IRQHandler
   Definitions
      At line 287 in file ..\Startup\mdk\startup_at32f415.s
   Uses
      At line 93 in file ..\Startup\mdk\startup_at32f415.s
      At line 232 in file ..\Startup\mdk\startup_at32f415.s

I2C1_EVT_IRQHandler 0000001A

Symbol: I2C1_EVT_IRQHandler
   Definitions
      At line 286 in file ..\Startup\mdk\startup_at32f415.s
   Uses
      At line 92 in file ..\Startup\mdk\startup_at32f415.s
      At line 231 in file ..\Startup\mdk\startup_at32f415.s

I2C2_ERR_IRQHandler 0000001A

Symbol: I2C2_ERR_IRQHandler
   Definitions
      At line 289 in file ..\Startup\mdk\startup_at32f415.s
   Uses
      At line 95 in file ..\Startup\mdk\startup_at32f415.s
      At line 234 in file ..\Startup\mdk\startup_at32f415.s

I2C2_EVT_IRQHandler 0000001A

Symbol: I2C2_EVT_IRQHandler
   Definitions
      At line 288 in file ..\Startup\mdk\startup_at32f415.s
   Uses
      At line 94 in file ..\Startup\mdk\startup_at32f415.s
      At line 233 in file ..\Startup\mdk\startup_at32f415.s

MemManage_Handler 0000000C

Symbol: MemManage_Handler
   Definitions
      At line 166 in file ..\Startup\mdk\startup_at32f415.s



ARM Macro Assembler    Page 7 Alphabetic symbol ordering
Relocatable symbols

   Uses
      At line 47 in file ..\Startup\mdk\startup_at32f415.s
      At line 167 in file ..\Startup\mdk\startup_at32f415.s

NMI_Handler 00000008

Symbol: NMI_Handler
   Definitions
      At line 156 in file ..\Startup\mdk\startup_at32f415.s
   Uses
      At line 45 in file ..\Startup\mdk\startup_at32f415.s
      At line 157 in file ..\Startup\mdk\startup_at32f415.s

OTGFS1_IRQHandler 0000001A

Symbol: OTGFS1_IRQHandler
   Definitions
      At line 306 in file ..\Startup\mdk\startup_at32f415.s
   Uses
      At line 128 in file ..\Startup\mdk\startup_at32f415.s
      At line 251 in file ..\Startup\mdk\startup_at32f415.s

OTGFS1_WKUP_IRQHandler 0000001A

Symbol: OTGFS1_WKUP_IRQHandler
   Definitions
      At line 297 in file ..\Startup\mdk\startup_at32f415.s
   Uses
      At line 103 in file ..\Startup\mdk\startup_at32f415.s
      At line 242 in file ..\Startup\mdk\startup_at32f415.s

PVM_IRQHandler 0000001A

Symbol: PVM_IRQHandler
   Definitions
      At line 256 in file ..\Startup\mdk\startup_at32f415.s
   Uses
      At line 62 in file ..\Startup\mdk\startup_at32f415.s
      At line 201 in file ..\Startup\mdk\startup_at32f415.s

PendSV_Handler 00000016

Symbol: PendSV_Handler
   Definitions
      At line 189 in file ..\Startup\mdk\startup_at32f415.s
   Uses
      At line 57 in file ..\Startup\mdk\startup_at32f415.s
      At line 190 in file ..\Startup\mdk\startup_at32f415.s

Reset_Handler 00000000

Symbol: Reset_Handler
   Definitions
      At line 144 in file ..\Startup\mdk\startup_at32f415.s
   Uses
      At line 44 in file ..\Startup\mdk\startup_at32f415.s
      At line 145 in file ..\Startup\mdk\startup_at32f415.s

SDIO1_IRQHandler 0000001A



ARM Macro Assembler    Page 8 Alphabetic symbol ordering
Relocatable symbols


Symbol: SDIO1_IRQHandler
   Definitions
      At line 298 in file ..\Startup\mdk\startup_at32f415.s
   Uses
      At line 110 in file ..\Startup\mdk\startup_at32f415.s
      At line 243 in file ..\Startup\mdk\startup_at32f415.s

SPI1_IRQHandler 0000001A

Symbol: SPI1_IRQHandler
   Definitions
      At line 290 in file ..\Startup\mdk\startup_at32f415.s
   Uses
      At line 96 in file ..\Startup\mdk\startup_at32f415.s
      At line 235 in file ..\Startup\mdk\startup_at32f415.s

SPI2_IRQHandler 0000001A

Symbol: SPI2_IRQHandler
   Definitions
      At line 291 in file ..\Startup\mdk\startup_at32f415.s
   Uses
      At line 97 in file ..\Startup\mdk\startup_at32f415.s
      At line 236 in file ..\Startup\mdk\startup_at32f415.s

SVC_Handler 00000012

Symbol: SVC_Handler
   Definitions
      At line 180 in file ..\Startup\mdk\startup_at32f415.s
   Uses
      At line 54 in file ..\Startup\mdk\startup_at32f415.s
      At line 181 in file ..\Startup\mdk\startup_at32f415.s

SysTick_Handler 00000018

Symbol: SysTick_Handler
   Definitions
      At line 193 in file ..\Startup\mdk\startup_at32f415.s
   Uses
      At line 58 in file ..\Startup\mdk\startup_at32f415.s
      At line 194 in file ..\Startup\mdk\startup_at32f415.s

TAMP_STAMP_IRQHandler 0000001A

Symbol: TAMP_STAMP_IRQHandler
   Definitions
      At line 257 in file ..\Startup\mdk\startup_at32f415.s
   Uses
      At line 63 in file ..\Startup\mdk\startup_at32f415.s
      At line 202 in file ..\Startup\mdk\startup_at32f415.s

TMR1_BRK_TMR9_IRQHandler 0000001A

Symbol: TMR1_BRK_TMR9_IRQHandler
   Definitions
      At line 279 in file ..\Startup\mdk\startup_at32f415.s
   Uses



ARM Macro Assembler    Page 9 Alphabetic symbol ordering
Relocatable symbols

      At line 85 in file ..\Startup\mdk\startup_at32f415.s
      At line 224 in file ..\Startup\mdk\startup_at32f415.s

TMR1_CH_IRQHandler 0000001A

Symbol: TMR1_CH_IRQHandler
   Definitions
      At line 282 in file ..\Startup\mdk\startup_at32f415.s
   Uses
      At line 88 in file ..\Startup\mdk\startup_at32f415.s
      At line 227 in file ..\Startup\mdk\startup_at32f415.s

TMR1_OVF_TMR10_IRQHandler 0000001A

Symbol: TMR1_OVF_TMR10_IRQHandler
   Definitions
      At line 280 in file ..\Startup\mdk\startup_at32f415.s
   Uses
      At line 86 in file ..\Startup\mdk\startup_at32f415.s
      At line 225 in file ..\Startup\mdk\startup_at32f415.s

TMR1_TRG_HALL_TMR11_IRQHandler 0000001A

Symbol: TMR1_TRG_HALL_TMR11_IRQHandler
   Definitions
      At line 281 in file ..\Startup\mdk\startup_at32f415.s
   Uses
      At line 87 in file ..\Startup\mdk\startup_at32f415.s
      At line 226 in file ..\Startup\mdk\startup_at32f415.s

TMR2_GLOBAL_IRQHandler 0000001A

Symbol: TMR2_GLOBAL_IRQHandler
   Definitions
      At line 283 in file ..\Startup\mdk\startup_at32f415.s
   Uses
      At line 89 in file ..\Startup\mdk\startup_at32f415.s
      At line 228 in file ..\Startup\mdk\startup_at32f415.s

TMR3_GLOBAL_IRQHandler 0000001A

Symbol: TMR3_GLOBAL_IRQHandler
   Definitions
      At line 284 in file ..\Startup\mdk\startup_at32f415.s
   Uses
      At line 90 in file ..\Startup\mdk\startup_at32f415.s
      At line 229 in file ..\Startup\mdk\startup_at32f415.s

TMR4_GLOBAL_IRQHandler 0000001A

Symbol: TMR4_GLOBAL_IRQHandler
   Definitions
      At line 285 in file ..\Startup\mdk\startup_at32f415.s
   Uses
      At line 91 in file ..\Startup\mdk\startup_at32f415.s
      At line 230 in file ..\Startup\mdk\startup_at32f415.s

TMR5_GLOBAL_IRQHandler 0000001A




ARM Macro Assembler    Page 10 Alphabetic symbol ordering
Relocatable symbols

Symbol: TMR5_GLOBAL_IRQHandler
   Definitions
      At line 299 in file ..\Startup\mdk\startup_at32f415.s
   Uses
      At line 111 in file ..\Startup\mdk\startup_at32f415.s
      At line 244 in file ..\Startup\mdk\startup_at32f415.s

UART4_IRQHandler 0000001A

Symbol: UART4_IRQHandler
   Definitions
      At line 300 in file ..\Startup\mdk\startup_at32f415.s
   Uses
      At line 113 in file ..\Startup\mdk\startup_at32f415.s
      At line 245 in file ..\Startup\mdk\startup_at32f415.s

UART5_IRQHandler 0000001A

Symbol: UART5_IRQHandler
   Definitions
      At line 301 in file ..\Startup\mdk\startup_at32f415.s
   Uses
      At line 114 in file ..\Startup\mdk\startup_at32f415.s
      At line 246 in file ..\Startup\mdk\startup_at32f415.s

USART1_IRQHandler 0000001A

Symbol: USART1_IRQHandler
   Definitions
      At line 292 in file ..\Startup\mdk\startup_at32f415.s
   Uses
      At line 98 in file ..\Startup\mdk\startup_at32f415.s
      At line 237 in file ..\Startup\mdk\startup_at32f415.s

USART2_IRQHandler 0000001A

Symbol: USART2_IRQHandler
   Definitions
      At line 293 in file ..\Startup\mdk\startup_at32f415.s
   Uses
      At line 99 in file ..\Startup\mdk\startup_at32f415.s
      At line 238 in file ..\Startup\mdk\startup_at32f415.s

USART3_IRQHandler 0000001A

Symbol: USART3_IRQHandler
   Definitions
      At line 294 in file ..\Startup\mdk\startup_at32f415.s
   Uses
      At line 100 in file ..\Startup\mdk\startup_at32f415.s
      At line 239 in file ..\Startup\mdk\startup_at32f415.s

UsageFault_Handler 00000010

Symbol: UsageFault_Handler
   Definitions
      At line 176 in file ..\Startup\mdk\startup_at32f415.s
   Uses
      At line 49 in file ..\Startup\mdk\startup_at32f415.s



ARM Macro Assembler    Page 11 Alphabetic symbol ordering
Relocatable symbols

      At line 177 in file ..\Startup\mdk\startup_at32f415.s

WWDT_IRQHandler 0000001A

Symbol: WWDT_IRQHandler
   Definitions
      At line 255 in file ..\Startup\mdk\startup_at32f415.s
   Uses
      At line 61 in file ..\Startup\mdk\startup_at32f415.s
      At line 200 in file ..\Startup\mdk\startup_at32f415.s

67 symbols



ARM Macro Assembler    Page 1 Alphabetic symbol ordering
Absolute symbols

Heap_Size 00000200

Symbol: Heap_Size
   Definitions
      At line 26 in file ..\Startup\mdk\startup_at32f415.s
   Uses
      At line 30 in file ..\Startup\mdk\startup_at32f415.s
Comment: Heap_Size used once
Stack_Size 00000400

Symbol: Stack_Size
   Definitions
      At line 16 in file ..\Startup\mdk\startup_at32f415.s
   Uses
      At line 19 in file ..\Startup\mdk\startup_at32f415.s
Comment: Stack_Size used once
__Vectors_Size 00000170

Symbol: __Vectors_Size
   Definitions
      At line 139 in file ..\Startup\mdk\startup_at32f415.s
   Uses
      At line 41 in file ..\Startup\mdk\startup_at32f415.s
Comment: __Vectors_Size used once
3 symbols



ARM Macro Assembler    Page 1 Alphabetic symbol ordering
External symbols

SystemInit 00000000

Symbol: SystemInit
   Definitions
      At line 147 in file ..\Startup\mdk\startup_at32f415.s
   Uses
      At line 148 in file ..\Startup\mdk\startup_at32f415.s
Comment: SystemInit used once
__main 00000000

Symbol: __main
   Definitions
      At line 146 in file ..\Startup\mdk\startup_at32f415.s
   Uses
      At line 150 in file ..\Startup\mdk\startup_at32f415.s
Comment: __main used once
2 symbols
417 symbols in table
