[2022-04-07 12:05:24]	compilation failed at : "e:\MCU\Core-STM32\Caven-V3.14\Lib\Mode\Ultrasonic.c", exit code: 1
  at unify_builder.Program.compileByMulThread (System.Int32 thrNum, unify_builder.CmdGenerator+CmdInfo[] cmds, System.Collections.Generic.List`1[T] errLogs) [0x00104] in <5ad0758a213a4017a4a43a71c811e836>:0 
  at unify_builder.Program.Main (System.String[] args) [0x0196e] in <5ad0758a213a4017a4a43a71c811e836>:0 
---
".\..\Lib\Base\base.h", line 26: Error:  #101: "ADC_x_Init" has already been declared in the current scope
  	void (*ADC_x_Init) (char ADC_x,FunctionalState SET);
  	       ^
.\..\Lib\Base\Base.c: 0 warnings, 1 error
".\..\Lib\Mode\Ultrasonic.c", line 32: Error:  #20: identifier "Timewatch" is undefined
  	while(Timewatch.time_unm > 70000);
  	      ^
".\..\Lib\Mode\Ultrasonic.c", line 35: Error:  #20: identifier "Timewatch" is undefined
  	num = Timewatch.time_unm;
  	      ^
.\..\Lib\Mode\Ultrasonic.c: 0 warnings, 2 errors

[2022-04-07 14:06:12]	[done]
	build successfully !

[2022-04-07 14:39:32]	compilation failed at : "e:\MCU\Core-STM32\Caven-V3.14\Lib\Mode\Motor.c", exit code: 1
  at unify_builder.Program.Main (System.String[] args) [0x018f4] in <5ad0758a213a4017a4a43a71c811e836>:0 
---
".\..\Lib\Mode\Motor.c", line 9: Error:  #165: too few arguments in function call
  		TIM8_PWM_Init(Arr_T8, Por_T8);//T = (arr * por) / 72MHz
  		                            ^
.\..\Lib\Mode\Motor.c: 0 warnings, 1 error

[2022-04-07 14:41:46]	compilation failed at : "e:\MCU\Core-STM32\Caven-V3.14\Lib\Mode\Motor.c", exit code: 1
  at unify_builder.Program.Main (System.String[] args) [0x018f4] in <5ad0758a213a4017a4a43a71c811e836>:0 
---
".\..\Lib\Mode\Motor.c", line 9: Error:  #165: too few arguments in function call
  		PWM_x_Init(Motor_PWM, Arr_T8, Por_T8); // T = (arr * por) / 72MHz
  		                                    ^
.\..\Lib\Mode\Motor.c: 0 warnings, 1 error

[2022-04-07 14:44:30]	[done]
	build successfully !

[2022-04-07 14:59:27]	compilation failed at : "e:\MCU\Core-STM32\Caven-V3.14\Lib\Base\Base.c", exit code: 1
  at unify_builder.Program.Main (System.String[] args) [0x018f4] in <5ad0758a213a4017a4a43a71c811e836>:0 
---
".\..\Lib\Base\stmflash.h", line 18: Error:  #168: a function type is not allowed here
      u16 STMFLASH_ReadHalfWord(u32 faddr); //璇诲嚭鍗婂瓧
          ^
.\..\Lib\Base\Base.c: 0 warnings, 1 error

[2022-04-07 15:11:44]	[done]
	build successfully !

